#-----------------------------------------------------------
# Vivado v2019.2 (64-bit)
# SW Build 2708876 on Wed Nov  6 21:40:23 MST 2019
# IP Build 2700528 on Thu Nov  7 00:09:20 MST 2019
# Start of session at: Wed Jan 18 10:19:29 2023
# Process ID: 36428
# Current directory: D:/FPGA/homework/double_pingpong
# Command line: vivado.exe -gui_launcher_event rodinguilauncherevent36408 D:\FPGA\homework\double_pingpong\double_pingpong.xpr
# Log file: D:/FPGA/homework/double_pingpong/vivado.log
# Journal file: D:/FPGA/homework/double_pingpong\vivado.jou
#-----------------------------------------------------------
start_gui
open_project D:/FPGA/homework/double_pingpong/double_pingpong.xpr
Scanning sources...
Finished scanning sources
INFO: [IP_Flow 19-234] Refreshing IP repositories
INFO: [IP_Flow 19-1704] No user IP repositories specified
INFO: [IP_Flow 19-2313] Loaded Vivado IP repository 'C:/Xilinx/Vivado/2019.2/data/ip'.
exit
INFO: [Common 17-206] Exiting Vivado at Wed Jan 18 10:19:57 2023...
